<?xml version="1.0" encoding="UTF-8"?>
<!-- Generated by org.testng.reporters.JUnitReportReporter -->
<testsuite hostname="DESKTOP-TLM9OQ4" failures="0" tests="2" name="testngexample.TestAnnotations" time="0.029" errors="0" timestamp="2022-04-28T11:02:28 IST" skipped="0">
  <testcase classname="testngexample.TestAnnotations" name="testCase1" time="0.018"/>
  <system-out/>
  <testcase classname="testngexample.TestAnnotations" name="testCase2" time="0.011"/>
  <system-out/>
</testsuite> <!-- testngexample.TestAnnotations -->
