<?xml version="1.0" encoding="UTF-8"?>
<!-- Generated by org.testng.reporters.JUnitReportReporter -->
<testsuite hostname="DESKTOP-TLM9OQ4" failures="0" tests="2" name="testngexample.HrmAssignment" time="8.559" errors="0" timestamp="2022-04-16T16:11:28 IST" skipped="0">
  <testcase classname="testngexample.HrmAssignment" name="testcase1" time="3.776"/>
  <system-out/>
  <testcase classname="testngexample.HrmAssignment" name="testcase2" time="4.783"/>
  <system-out/>
</testsuite> <!-- testngexample.HrmAssignment -->
